<?xml version="1.0" encoding="UTF-8"?>
<testng-results ignored="0" total="1" passed="1" failed="0" skipped="0">
  <reporter-output>
  </reporter-output>
  <suite started-at="2023-01-04T17:26:49 IST" name="Default suite" finished-at="2023-01-04T17:26:54 IST" duration-ms="5363">
    <groups>
    </groups>
    <test started-at="2023-01-04T17:26:49 IST" name="Default test" finished-at="2023-01-04T17:26:54 IST" duration-ms="5363">
      <class name="CRUDOpertionsUsingBaseClass.GetSingleProject">
        <test-method is-config="true" signature="databaseConnect()[pri:0, instance:CRUDOpertionsUsingBaseClass.GetSingleProject@7bd4937b]" started-at="2023-01-04T17:26:48 IST" name="databaseConnect" finished-at="2023-01-04T17:26:49 IST" duration-ms="806" status="PASS">
          <reporter-output>
          </reporter-output>
        </test-method> <!-- databaseConnect -->
        <test-method is-config="true" signature="URI()[pri:0, instance:CRUDOpertionsUsingBaseClass.GetSingleProject@7bd4937b]" started-at="2023-01-04T17:26:49 IST" name="URI" finished-at="2023-01-04T17:26:52 IST" duration-ms="2641" status="PASS">
          <reporter-output>
          </reporter-output>
        </test-method> <!-- URI -->
        <test-method signature="single()[pri:0, instance:CRUDOpertionsUsingBaseClass.GetSingleProject@7bd4937b]" started-at="2023-01-04T17:26:52 IST" name="single" finished-at="2023-01-04T17:26:54 IST" duration-ms="2616" status="PASS">
          <reporter-output>
          </reporter-output>
        </test-method> <!-- single -->
        <test-method is-config="true" signature="validation()[pri:0, instance:CRUDOpertionsUsingBaseClass.GetSingleProject@7bd4937b]" started-at="2023-01-04T17:26:54 IST" name="validation" finished-at="2023-01-04T17:26:54 IST" duration-ms="10" status="PASS">
          <reporter-output>
          </reporter-output>
        </test-method> <!-- validation -->
        <test-method is-config="true" signature="closeDB()[pri:0, instance:CRUDOpertionsUsingBaseClass.GetSingleProject@7bd4937b]" started-at="2023-01-04T17:26:55 IST" name="closeDB" finished-at="2023-01-04T17:26:55 IST" duration-ms="15" status="PASS">
          <reporter-output>
          </reporter-output>
        </test-method> <!-- closeDB -->
      </class> <!-- CRUDOpertionsUsingBaseClass.GetSingleProject -->
    </test> <!-- Default test -->
  </suite> <!-- Default suite -->
</testng-results>
